2019年09月02日 18:51:54  错误: cj.studio.util.reactor.EventLooper -  异常：java.util.MissingFormatArgumentException: Format specifier '%s'
		at java.util.Formatter.format(Formatter.java:2519)
		at java.util.Formatter.format(Formatter.java:2455)
		at java.lang.String.format(String.java:2940)
		at cj.studio.network.node.combination.CastValve.nextError(CastValve.java:32)
		at cj.studio.util.reactor.DefaultPipeline.nextError(DefaultPipeline.java:103)
		at cj.studio.network.node.combination.ManagerValve.nextError(ManagerValve.java:75)
		at cj.studio.util.reactor.DefaultPipeline.nextError(DefaultPipeline.java:97)
		at cj.studio.util.reactor.DefaultPipeline.error(DefaultPipeline.java:110)
		at cj.studio.util.reactor.EventLooper.call(EventLooper.java:36)
		at cj.studio.util.reactor.EventLooper.call(EventLooper.java:9)
		at java.util.concurrent.FutureTask.run(FutureTask.java:266)
		at java.util.concurrent.ThreadPoolExecutor.runWorker(ThreadPoolExecutor.java:1149)
		at java.util.concurrent.ThreadPoolExecutor$Worker.run(ThreadPoolExecutor.java:624)
		at java.lang.Thread.run(Thread.java:748)
2019年09月04日 01:32:22  信息: cj.studio.network.node.NetworkNode - 服务地址:tcp://localhost:6600
2019年09月04日 01:40:07  信息: cj.studio.network.node.NetworkNode - 服务地址:tcp://localhost:6600
2019年09月04日 01:44:43  信息: cj.studio.network.node.NetworkNode - 服务地址:tcp://localhost:6600
2019年09月04日 01:47:36  信息: cj.studio.network.node.NetworkNode - 服务地址:tcp://localhost:6600
2019年09月04日 02:06:04  信息: cj.studio.network.node.NetworkNode - 服务地址:tcp://localhost:6600
2019年09月04日 02:09:37  信息: cj.studio.network.node.NetworkNode - 服务地址:tcp://localhost:6600
2019年09月04日 12:43:27  信息: cj.studio.network.node.NetworkNode - 服务地址:tcp://localhost:6600
2019年09月04日 12:59:08  信息: cj.studio.network.node.NetworkNode - 服务地址:tcp://localhost:6600
2019年09月04日 13:00:53  信息: cj.studio.network.node.NetworkNode - 服务地址:tcp://localhost:6600
2019年09月04日 13:03:30  信息: cj.studio.network.node.NetworkNode - 服务地址:tcp://localhost:6600
2019年09月04日 13:32:17  信息: cj.studio.network.node.NetworkNode - 服务地址:tcp://localhost:6600
2019年09月04日 13:53:37  信息: cj.studio.network.node.NetworkNode - 服务地址:tcp://localhost:6600
